# JRE version: OpenJDK Runtime Environment (8.0_76-b03) (build 1.8.0_76-release-b03)
# Java VM: OpenJDK 64-Bit Server VM (25.76-b03 mixed mode windows-amd64 compressed oops)
Heap:
 PSYoungGen      total 121856K, used 104619K [0x00000000eab00000, 0x00000000f3580000, 0x0000000100000000)
  eden space 113152K, 85% used [0x00000000eab00000,0x00000000f0928c38,0x00000000f1980000)
  from space 8704K, 94% used [0x00000000f2d00000,0x00000000f3502070,0x00000000f3580000)
  to   space 11264K, 0% used [0x00000000f1f80000,0x00000000f1f80000,0x00000000f2a80000)
 ParOldGen       total 93696K, used 18010K [0x00000000c0000000, 0x00000000c5b80000, 0x00000000eab00000)
  object space 93696K, 19% used [0x00000000c0000000,0x00000000c11968e0,0x00000000c5b80000)
 Metaspace       used 42229K, capacity 43146K, committed 43440K, reserved 1087488K
  class space    used 5587K, capacity 5805K, committed 5808K, reserved 1048576K
GC Heap History (10 events):
Event: 10.053 GC heap before
{Heap before GC invocations=8 (full 1):
 PSYoungGen      total 59904K, used 54446K [0x00000000eab00000, 0x00000000ef980000, 0x0000000100000000)
  eden space 49152K, 100% used [0x00000000eab00000,0x00000000edb00000,0x00000000edb00000)
  from space 10752K, 49% used [0x00000000ee580000,0x00000000eeaab998,0x00000000ef000000)
  to   space 10752K, 0% used [0x00000000edb00000,0x00000000edb00000,0x00000000ee580000)
 ParOldGen       total 63488K, used 8798K [0x00000000c0000000, 0x00000000c3e00000, 0x00000000eab00000)
  object space 63488K, 13% used [0x00000000c0000000,0x00000000c0897968,0x00000000c3e00000)
 Metaspace       used 28183K, capacity 28748K, committed 28848K, reserved 1075200K
  class space    used 3852K, capacity 4008K, committed 4016K, reserved 1048576K
Event: 10.064 GC heap after
Heap after GC invocations=8 (full 1):
 PSYoungGen      total 59904K, used 5317K [0x00000000eab00000, 0x00000000f1200000, 0x0000000100000000)
  eden space 49152K, 0% used [0x00000000eab00000,0x00000000eab00000,0x00000000edb00000)
  from space 10752K, 49% used [0x00000000edb00000,0x00000000ee031528,0x00000000ee580000)
  to   space 10240K, 0% used [0x00000000f0800000,0x00000000f0800000,0x00000000f1200000)
 ParOldGen       total 63488K, used 8798K [0x00000000c0000000, 0x00000000c3e00000, 0x00000000eab00000)
  object space 63488K, 13% used [0x00000000c0000000,0x00000000c0897968,0x00000000c3e00000)
 Metaspace       used 28183K, capacity 28748K, committed 28848K, reserved 1075200K
  class space    used 3852K, capacity 4008K, committed 4016K, reserved 1048576K
}
Event: 11.054 GC heap before
{Heap before GC invocations=9 (full 1):
 PSYoungGen      total 59904K, used 54469K [0x00000000eab00000, 0x00000000f1200000, 0x0000000100000000)
  eden space 49152K, 100% used [0x00000000eab00000,0x00000000edb00000,0x00000000edb00000)
  from space 10752K, 49% used [0x00000000edb00000,0x00000000ee031528,0x00000000ee580000)
  to   space 10240K, 0% used [0x00000000f0800000,0x00000000f0800000,0x00000000f1200000)
 ParOldGen       total 63488K, used 8798K [0x00000000c0000000, 0x00000000c3e00000, 0x00000000eab00000)
  object space 63488K, 13% used [0x00000000c0000000,0x00000000c0897968,0x00000000c3e00000)
 Metaspace       used 29815K, capacity 30456K, committed 30640K, reserved 1075200K
  class space    used 4019K, capacity 4220K, committed 4272K, reserved 1048576K
Event: 11.078 GC heap after
Heap after GC invocations=9 (full 1):
 PSYoungGen      total 94208K, used 5683K [0x00000000eab00000, 0x00000000f1100000, 0x0000000100000000)
  eden space 84992K, 0% used [0x00000000eab00000,0x00000000eab00000,0x00000000efe00000)
  from space 9216K, 61% used [0x00000000f0800000,0x00000000f0d8ced8,0x00000000f1100000)
  to   space 9728K, 0% used [0x00000000efe00000,0x00000000efe00000,0x00000000f0780000)
 ParOldGen       total 63488K, used 8806K [0x00000000c0000000, 0x00000000c3e00000, 0x00000000eab00000)
  object space 63488K, 13% used [0x00000000c0000000,0x00000000c0899968,0x00000000c3e00000)
 Metaspace       used 29815K, capacity 30456K, committed 30640K, reserved 1075200K
  class space    used 4019K, capacity 4220K, committed 4272K, reserved 1048576K
}
Event: 11.977 GC heap before
{Heap before GC invocations=10 (full 1):
 PSYoungGen      total 94208K, used 72998K [0x00000000eab00000, 0x00000000f1100000, 0x0000000100000000)
  eden space 84992K, 79% used [0x00000000eab00000,0x00000000eecbccf0,0x00000000efe00000)
  from space 9216K, 61% used [0x00000000f0800000,0x00000000f0d8ced8,0x00000000f1100000)
  to   space 9728K, 0% used [0x00000000efe00000,0x00000000efe00000,0x00000000f0780000)
 ParOldGen       total 63488K, used 8806K [0x00000000c0000000, 0x00000000c3e00000, 0x00000000eab00000)
  object space 63488K, 13% used [0x00000000c0000000,0x00000000c0899968,0x00000000c3e00000)
 Metaspace       used 34674K, capacity 35324K, committed 35496K, reserved 1079296K
  class space    used 4654K, capacity 4858K, committed 4912K, reserved 1048576K
Event: 11.991 GC heap after
Heap after GC invocations=10 (full 1):
 PSYoungGen      total 94720K, used 9706K [0x00000000eab00000, 0x00000000f3800000, 0x0000000100000000)
  eden space 84992K, 0% used [0x00000000eab00000,0x00000000eab00000,0x00000000efe00000)
  from space 9728K, 99% used [0x00000000efe00000,0x00000000f077a800,0x00000000f0780000)
  to   space 11264K, 0% used [0x00000000f2d00000,0x00000000f2d00000,0x00000000f3800000)
 ParOldGen       total 63488K, used 9447K [0x00000000c0000000, 0x00000000c3e00000, 0x00000000eab00000)
  object space 63488K, 14% used [0x00000000c0000000,0x00000000c0939d60,0x00000000c3e00000)
 Metaspace       used 34674K, capacity 35324K, committed 35496K, reserved 1079296K
  class space    used 4654K, capacity 4858K, committed 4912K, reserved 1048576K
}
Event: 11.991 GC heap before
{Heap before GC invocations=11 (full 2):
 PSYoungGen      total 94720K, used 9706K [0x00000000eab00000, 0x00000000f3800000, 0x0000000100000000)
  eden space 84992K, 0% used [0x00000000eab00000,0x00000000eab00000,0x00000000efe00000)
  from space 9728K, 99% used [0x00000000efe00000,0x00000000f077a800,0x00000000f0780000)
  to   space 11264K, 0% used [0x00000000f2d00000,0x00000000f2d00000,0x00000000f3800000)
 ParOldGen       total 63488K, used 9447K [0x00000000c0000000, 0x00000000c3e00000, 0x00000000eab00000)
  object space 63488K, 14% used [0x00000000c0000000,0x00000000c0939d60,0x00000000c3e00000)
 Metaspace       used 34674K, capacity 35324K, committed 35496K, reserved 1079296K
  class space    used 4654K, capacity 4858K, committed 4912K, reserved 1048576K
Event: 12.105 GC heap after
Heap after GC invocations=11 (full 2):
 PSYoungGen      total 94720K, used 0K [0x00000000eab00000, 0x00000000f3800000, 0x0000000100000000)
  eden space 84992K, 0% used [0x00000000eab00000,0x00000000eab00000,0x00000000efe00000)
  from space 9728K, 0% used [0x00000000efe00000,0x00000000efe00000,0x00000000f0780000)
  to   space 11264K, 0% used [0x00000000f2d00000,0x00000000f2d00000,0x00000000f3800000)
 ParOldGen       total 93696K, used 18002K [0x00000000c0000000, 0x00000000c5b80000, 0x00000000eab00000)
  object space 93696K, 19% used [0x00000000c0000000,0x00000000c11948e0,0x00000000c5b80000)
 Metaspace       used 34674K, capacity 35324K, committed 35496K, reserved 1079296K
  class space    used 4654K, capacity 4858K, committed 4912K, reserved 1048576K
}
Event: 13.246 GC heap before
{Heap before GC invocations=12 (full 2):
 PSYoungGen      total 94720K, used 84992K [0x00000000eab00000, 0x00000000f3800000, 0x0000000100000000)
  eden space 84992K, 100% used [0x00000000eab00000,0x00000000efe00000,0x00000000efe00000)
  from space 9728K, 0% used [0x00000000efe00000,0x00000000efe00000,0x00000000f0780000)
  to   space 11264K, 0% used [0x00000000f2d00000,0x00000000f2d00000,0x00000000f3800000)
 ParOldGen       total 93696K, used 18002K [0x00000000c0000000, 0x00000000c5b80000, 0x00000000eab00000)
  object space 93696K, 19% used [0x00000000c0000000,0x00000000c11948e0,0x00000000c5b80000)
 Metaspace       used 41691K, capacity 42626K, committed 42928K, reserved 1087488K
  class space    used 5553K, capacity 5769K, committed 5808K, reserved 1048576K
Event: 13.263 GC heap after
Heap after GC invocations=12 (full 2):
 PSYoungGen      total 121856K, used 8200K [0x00000000eab00000, 0x00000000f3580000, 0x0000000100000000)
  eden space 113152K, 0% used [0x00000000eab00000,0x00000000eab00000,0x00000000f1980000)
  from space 8704K, 94% used [0x00000000f2d00000,0x00000000f3502070,0x00000000f3580000)
  to   space 11264K, 0% used [0x00000000f1f80000,0x00000000f1f80000,0x00000000f2a80000)
 ParOldGen       total 93696K, used 18010K [0x00000000c0000000, 0x00000000c5b80000, 0x00000000eab00000)
  object space 93696K, 19% used [0x00000000c0000000,0x00000000c11968e0,0x00000000c5b80000)
 Metaspace       used 41691K, capacity 42626K, committed 42928K, reserved 1087488K
  class space    used 5553K, capacity 5769K, committed 5808K, reserved 1048576K
}

