# JRE version: OpenJDK Runtime Environment (8.0_112-b06) (build 1.8.0_112-release-b06)
# Java VM: OpenJDK 64-Bit Server VM (25.112-b06 mixed mode windows-amd64 compressed oops)
Heap:
 PSYoungGen      total 275456K, used 45770K [0x00000000eab00000, 0x00000000fe800000, 0x0000000100000000)
  eden space 252928K, 9% used [0x00000000eab00000,0x00000000ec231e30,0x00000000fa200000)
  from space 22528K, 97% used [0x00000000fab00000,0x00000000fc080af8,0x00000000fc100000)
  to   space 35840K, 0% used [0x00000000fc500000,0x00000000fc500000,0x00000000fe800000)
 ParOldGen       total 187904K, used 40442K [0x00000000c0000000, 0x00000000cb780000, 0x00000000eab00000)
  object space 187904K, 21% used [0x00000000c0000000,0x00000000c277e848,0x00000000cb780000)
 Metaspace       used 64691K, capacity 67465K, committed 67752K, reserved 1107968K
  class space    used 8119K, capacity 8590K, committed 8624K, reserved 1048576K
GC Heap History (10 events):
Event: 989.986 GC heap before
{Heap before GC invocations=32 (full 6):
 PSYoungGen      total 308224K, used 269824K [0x00000000eab00000, 0x0000000100000000, 0x0000000100000000)
  eden space 269824K, 100% used [0x00000000eab00000,0x00000000fb280000,0x00000000fb280000)
  from space 38400K, 0% used [0x00000000fb280000,0x00000000fb280000,0x00000000fd800000)
  to   space 38400K, 0% used [0x00000000fda80000,0x00000000fda80000,0x0000000100000000)
 ParOldGen       total 187904K, used 38081K [0x00000000c0000000, 0x00000000cb780000, 0x00000000eab00000)
  object space 187904K, 20% used [0x00000000c0000000,0x00000000c25304b0,0x00000000cb780000)
 Metaspace       used 64368K, capacity 66887K, committed 66984K, reserved 1107968K
  class space    used 8103K, capacity 8577K, committed 8624K, reserved 1048576K
Event: 990.001 GC heap after
Heap after GC invocations=32 (full 6):
 PSYoungGen      total 285184K, used 18816K [0x00000000eab00000, 0x00000000ff300000, 0x0000000100000000)
  eden space 260096K, 0% used [0x00000000eab00000,0x00000000eab00000,0x00000000fa900000)
  from space 25088K, 75% used [0x00000000fda80000,0x00000000fece0020,0x00000000ff300000)
  to   space 37888K, 0% used [0x00000000fa900000,0x00000000fa900000,0x00000000fce00000)
 ParOldGen       total 187904K, used 38089K [0x00000000c0000000, 0x00000000cb780000, 0x00000000eab00000)
  object space 187904K, 20% used [0x00000000c0000000,0x00000000c25324b0,0x00000000cb780000)
 Metaspace       used 64368K, capacity 66887K, committed 66984K, reserved 1107968K
  class space    used 8103K, capacity 8577K, committed 8624K, reserved 1048576K
}
Event: 995.708 GC heap before
{Heap before GC invocations=33 (full 6):
 PSYoungGen      total 285184K, used 256205K [0x00000000eab00000, 0x00000000ff300000, 0x0000000100000000)
  eden space 260096K, 91% used [0x00000000eab00000,0x00000000f92d3430,0x00000000fa900000)
  from space 25088K, 75% used [0x00000000fda80000,0x00000000fece0020,0x00000000ff300000)
  to   space 37888K, 0% used [0x00000000fa900000,0x00000000fa900000,0x00000000fce00000)
 ParOldGen       total 187904K, used 38089K [0x00000000c0000000, 0x00000000cb780000, 0x00000000eab00000)
  object space 187904K, 20% used [0x00000000c0000000,0x00000000c25324b0,0x00000000cb780000)
 Metaspace       used 64412K, capacity 66957K, committed 67240K, reserved 1107968K
  class space    used 8104K, capacity 8578K, committed 8624K, reserved 1048576K
Event: 995.716 GC heap after
Heap after GC invocations=33 (full 6):
 PSYoungGen      total 266752K, used 6462K [0x00000000eab00000, 0x00000000ff100000, 0x0000000100000000)
  eden space 260096K, 0% used [0x00000000eab00000,0x00000000eab00000,0x00000000fa900000)
  from space 6656K, 97% used [0x00000000fa900000,0x00000000faf4f8c8,0x00000000faf80000)
  to   space 36864K, 0% used [0x00000000fcd00000,0x00000000fcd00000,0x00000000ff100000)
 ParOldGen       total 187904K, used 38097K [0x00000000c0000000, 0x00000000cb780000, 0x00000000eab00000)
  object space 187904K, 20% used [0x00000000c0000000,0x00000000c25344b0,0x00000000cb780000)
 Metaspace       used 64412K, capacity 66957K, committed 67240K, reserved 1107968K
  class space    used 8104K, capacity 8578K, committed 8624K, reserved 1048576K
}
Event: 995.716 GC heap before
{Heap before GC invocations=34 (full 7):
 PSYoungGen      total 266752K, used 6462K [0x00000000eab00000, 0x00000000ff100000, 0x0000000100000000)
  eden space 260096K, 0% used [0x00000000eab00000,0x00000000eab00000,0x00000000fa900000)
  from space 6656K, 97% used [0x00000000fa900000,0x00000000faf4f8c8,0x00000000faf80000)
  to   space 36864K, 0% used [0x00000000fcd00000,0x00000000fcd00000,0x00000000ff100000)
 ParOldGen       total 187904K, used 38097K [0x00000000c0000000, 0x00000000cb780000, 0x00000000eab00000)
  object space 187904K, 20% used [0x00000000c0000000,0x00000000c25344b0,0x00000000cb780000)
 Metaspace       used 64412K, capacity 66957K, committed 67240K, reserved 1107968K
  class space    used 8104K, capacity 8578K, committed 8624K, reserved 1048576K
Event: 995.877 GC heap after
Heap after GC invocations=34 (full 7):
 PSYoungGen      total 266752K, used 0K [0x00000000eab00000, 0x00000000ff100000, 0x0000000100000000)
  eden space 260096K, 0% used [0x00000000eab00000,0x00000000eab00000,0x00000000fa900000)
  from space 6656K, 0% used [0x00000000fa900000,0x00000000fa900000,0x00000000faf80000)
  to   space 36864K, 0% used [0x00000000fcd00000,0x00000000fcd00000,0x00000000ff100000)
 ParOldGen       total 187904K, used 40426K [0x00000000c0000000, 0x00000000cb780000, 0x00000000eab00000)
  object space 187904K, 21% used [0x00000000c0000000,0x00000000c277a848,0x00000000cb780000)
 Metaspace       used 64272K, capacity 66733K, committed 67240K, reserved 1107968K
  class space    used 8082K, capacity 8536K, committed 8624K, reserved 1048576K
}
Event: 1061.939 GC heap before
{Heap before GC invocations=35 (full 7):
 PSYoungGen      total 266752K, used 258941K [0x00000000eab00000, 0x00000000ff100000, 0x0000000100000000)
  eden space 260096K, 99% used [0x00000000eab00000,0x00000000fa7df6d0,0x00000000fa900000)
  from space 6656K, 0% used [0x00000000fa900000,0x00000000fa900000,0x00000000faf80000)
  to   space 36864K, 0% used [0x00000000fcd00000,0x00000000fcd00000,0x00000000ff100000)
 ParOldGen       total 187904K, used 40426K [0x00000000c0000000, 0x00000000cb780000, 0x00000000eab00000)
  object space 187904K, 21% used [0x00000000c0000000,0x00000000c277a848,0x00000000cb780000)
 Metaspace       used 64560K, capacity 67299K, committed 67496K, reserved 1107968K
  class space    used 8110K, capacity 8581K, committed 8624K, reserved 1048576K
Event: 1061.951 GC heap after
Heap after GC invocations=35 (full 7):
 PSYoungGen      total 299008K, used 11281K [0x00000000eab00000, 0x00000000ffc80000, 0x0000000100000000)
  eden space 262144K, 0% used [0x00000000eab00000,0x00000000eab00000,0x00000000fab00000)
  from space 36864K, 30% used [0x00000000fcd00000,0x00000000fd804588,0x00000000ff100000)
  to   space 34816K, 0% used [0x00000000fab00000,0x00000000fab00000,0x00000000fcd00000)
 ParOldGen       total 187904K, used 40434K [0x00000000c0000000, 0x00000000cb780000, 0x00000000eab00000)
  object space 187904K, 21% used [0x00000000c0000000,0x00000000c277c848,0x00000000cb780000)
 Metaspace       used 64560K, capacity 67299K, committed 67496K, reserved 1107968K
  class space    used 8110K, capacity 8581K, committed 8624K, reserved 1048576K
}
Event: 1163.737 GC heap before
{Heap before GC invocations=36 (full 7):
 PSYoungGen      total 299008K, used 273017K [0x00000000eab00000, 0x00000000ffc80000, 0x0000000100000000)
  eden space 262144K, 99% used [0x00000000eab00000,0x00000000faa9a058,0x00000000fab00000)
  from space 36864K, 30% used [0x00000000fcd00000,0x00000000fd804588,0x00000000ff100000)
  to   space 34816K, 0% used [0x00000000fab00000,0x00000000fab00000,0x00000000fcd00000)
 ParOldGen       total 187904K, used 40434K [0x00000000c0000000, 0x00000000cb780000, 0x00000000eab00000)
  object space 187904K, 21% used [0x00000000c0000000,0x00000000c277c848,0x00000000cb780000)
 Metaspace       used 64688K, capacity 67465K, committed 67752K, reserved 1107968K
  class space    used 8119K, capacity 8590K, committed 8624K, reserved 1048576K
Event: 1163.754 GC heap after
Heap after GC invocations=36 (full 7):
 PSYoungGen      total 275456K, used 22018K [0x00000000eab00000, 0x00000000fe800000, 0x0000000100000000)
  eden space 252928K, 0% used [0x00000000eab00000,0x00000000eab00000,0x00000000fa200000)
  from space 22528K, 97% used [0x00000000fab00000,0x00000000fc080af8,0x00000000fc100000)
  to   space 35840K, 0% used [0x00000000fc500000,0x00000000fc500000,0x00000000fe800000)
 ParOldGen       total 187904K, used 40442K [0x00000000c0000000, 0x00000000cb780000, 0x00000000eab00000)
  object space 187904K, 21% used [0x00000000c0000000,0x00000000c277e848,0x00000000cb780000)
 Metaspace       used 64688K, capacity 67465K, committed 67752K, reserved 1107968K
  class space    used 8119K, capacity 8590K, committed 8624K, reserved 1048576K
}

