# JRE version: OpenJDK Runtime Environment (8.0_112-b06) (build 1.8.0_112-release-b06)
# Java VM: OpenJDK 64-Bit Server VM (25.112-b06 mixed mode windows-amd64 compressed oops)
Heap:
 PSYoungGen      total 134144K, used 122786K [0x00000000eab00000, 0x00000000f6180000, 0x0000000100000000)
  eden space 119296K, 100% used [0x00000000eab00000,0x00000000f1f80000,0x00000000f1f80000)
  from space 14848K, 23% used [0x00000000f1f80000,0x00000000f22e8ba8,0x00000000f2e00000)
  to   space 22016K, 38% used [0x00000000f4c00000,0x00000000f5432928,0x00000000f6180000)
 ParOldGen       total 130048K, used 63994K [0x00000000c0000000, 0x00000000c7f00000, 0x00000000eab00000)
  object space 130048K, 49% used [0x00000000c0000000,0x00000000c3e7ea80,0x00000000c7f00000)
 Metaspace       used 58028K, capacity 59622K, committed 59776K, reserved 1101824K
  class space    used 7434K, capacity 7802K, committed 7808K, reserved 1048576K
GC Heap History (10 events):
Event: 38.223 GC heap after
Heap after GC invocations=20 (full 2):
 PSYoungGen      total 109056K, used 9065K [0x00000000eab00000, 0x00000000f2300000, 0x0000000100000000)
  eden space 99328K, 0% used [0x00000000eab00000,0x00000000eab00000,0x00000000f0c00000)
  from space 9728K, 93% used [0x00000000f1680000,0x00000000f1f5a7d0,0x00000000f2000000)
  to   space 10752K, 0% used [0x00000000f0c00000,0x00000000f0c00000,0x00000000f1680000)
 ParOldGen       total 61440K, used 20916K [0x00000000c0000000, 0x00000000c3c00000, 0x00000000eab00000)
  object space 61440K, 34% used [0x00000000c0000000,0x00000000c146d010,0x00000000c3c00000)
 Metaspace       used 47867K, capacity 49176K, committed 49280K, reserved 1091584K
  class space    used 6386K, capacity 6683K, committed 6784K, reserved 1048576K
}
Event: 42.897 GC heap before
{Heap before GC invocations=21 (full 2):
 PSYoungGen      total 109056K, used 108393K [0x00000000eab00000, 0x00000000f2300000, 0x0000000100000000)
  eden space 99328K, 100% used [0x00000000eab00000,0x00000000f0c00000,0x00000000f0c00000)
  from space 9728K, 93% used [0x00000000f1680000,0x00000000f1f5a7d0,0x00000000f2000000)
  to   space 10752K, 0% used [0x00000000f0c00000,0x00000000f0c00000,0x00000000f1680000)
 ParOldGen       total 61440K, used 20916K [0x00000000c0000000, 0x00000000c3c00000, 0x00000000eab00000)
  object space 61440K, 34% used [0x00000000c0000000,0x00000000c146d010,0x00000000c3c00000)
 Metaspace       used 50097K, capacity 51516K, committed 51840K, reserved 1093632K
  class space    used 6617K, capacity 6917K, committed 7040K, reserved 1048576K
Event: 42.910 GC heap after
Heap after GC invocations=21 (full 2):
 PSYoungGen      total 110080K, used 10736K [0x00000000eab00000, 0x00000000f3e80000, 0x0000000100000000)
  eden space 99328K, 0% used [0x00000000eab00000,0x00000000eab00000,0x00000000f0c00000)
  from space 10752K, 99% used [0x00000000f0c00000,0x00000000f167c010,0x00000000f1680000)
  to   space 14848K, 0% used [0x00000000f3000000,0x00000000f3000000,0x00000000f3e80000)
 ParOldGen       total 61440K, used 29056K [0x00000000c0000000, 0x00000000c3c00000, 0x00000000eab00000)
  object space 61440K, 47% used [0x00000000c0000000,0x00000000c1c602a0,0x00000000c3c00000)
 Metaspace       used 50097K, capacity 51516K, committed 51840K, reserved 1093632K
  class space    used 6617K, capacity 6917K, committed 7040K, reserved 1048576K
}
Event: 48.213 GC heap before
{Heap before GC invocations=22 (full 2):
 PSYoungGen      total 110080K, used 110064K [0x00000000eab00000, 0x00000000f3e80000, 0x0000000100000000)
  eden space 99328K, 100% used [0x00000000eab00000,0x00000000f0c00000,0x00000000f0c00000)
  from space 10752K, 99% used [0x00000000f0c00000,0x00000000f167c010,0x00000000f1680000)
  to   space 14848K, 0% used [0x00000000f3000000,0x00000000f3000000,0x00000000f3e80000)
 ParOldGen       total 61440K, used 29056K [0x00000000c0000000, 0x00000000c3c00000, 0x00000000eab00000)
  object space 61440K, 47% used [0x00000000c0000000,0x00000000c1c602a0,0x00000000c3c00000)
 Metaspace       used 51630K, capacity 53052K, committed 53248K, reserved 1095680K
  class space    used 6794K, capacity 7125K, committed 7168K, reserved 1048576K
Event: 48.225 GC heap after
Heap after GC invocations=22 (full 2):
 PSYoungGen      total 132096K, used 4122K [0x00000000eab00000, 0x00000000f3c80000, 0x0000000100000000)
  eden space 119296K, 0% used [0x00000000eab00000,0x00000000eab00000,0x00000000f1f80000)
  from space 12800K, 32% used [0x00000000f3000000,0x00000000f3406b10,0x00000000f3c80000)
  to   space 14848K, 0% used [0x00000000f1f80000,0x00000000f1f80000,0x00000000f2e00000)
 ParOldGen       total 61440K, used 39036K [0x00000000c0000000, 0x00000000c3c00000, 0x00000000eab00000)
  object space 61440K, 63% used [0x00000000c0000000,0x00000000c261f350,0x00000000c3c00000)
 Metaspace       used 51630K, capacity 53052K, committed 53248K, reserved 1095680K
  class space    used 6794K, capacity 7125K, committed 7168K, reserved 1048576K
}
Event: 54.270 GC heap before
{Heap before GC invocations=23 (full 2):
 PSYoungGen      total 132096K, used 123418K [0x00000000eab00000, 0x00000000f3c80000, 0x0000000100000000)
  eden space 119296K, 100% used [0x00000000eab00000,0x00000000f1f80000,0x00000000f1f80000)
  from space 12800K, 32% used [0x00000000f3000000,0x00000000f3406b10,0x00000000f3c80000)
  to   space 14848K, 0% used [0x00000000f1f80000,0x00000000f1f80000,0x00000000f2e00000)
 ParOldGen       total 61440K, used 39036K [0x00000000c0000000, 0x00000000c3c00000, 0x00000000eab00000)
  object space 61440K, 63% used [0x00000000c0000000,0x00000000c261f350,0x00000000c3c00000)
 Metaspace       used 56445K, capacity 57996K, committed 58240K, reserved 1099776K
  class space    used 7347K, capacity 7707K, committed 7808K, reserved 1048576K
Event: 54.305 GC heap after
Heap after GC invocations=23 (full 2):
 PSYoungGen      total 134144K, used 14836K [0x00000000eab00000, 0x00000000f6180000, 0x0000000100000000)
  eden space 119296K, 0% used [0x00000000eab00000,0x00000000eab00000,0x00000000f1f80000)
  from space 14848K, 99% used [0x00000000f1f80000,0x00000000f2dfd190,0x00000000f2e00000)
  to   space 22016K, 0% used [0x00000000f4c00000,0x00000000f4c00000,0x00000000f6180000)
 ParOldGen       total 61440K, used 52360K [0x00000000c0000000, 0x00000000c3c00000, 0x00000000eab00000)
  object space 61440K, 85% used [0x00000000c0000000,0x00000000c3322068,0x00000000c3c00000)
 Metaspace       used 56445K, capacity 57996K, committed 58240K, reserved 1099776K
  class space    used 7347K, capacity 7707K, committed 7808K, reserved 1048576K
}
Event: 54.305 GC heap before
{Heap before GC invocations=24 (full 3):
 PSYoungGen      total 134144K, used 14836K [0x00000000eab00000, 0x00000000f6180000, 0x0000000100000000)
  eden space 119296K, 0% used [0x00000000eab00000,0x00000000eab00000,0x00000000f1f80000)
  from space 14848K, 99% used [0x00000000f1f80000,0x00000000f2dfd190,0x00000000f2e00000)
  to   space 22016K, 0% used [0x00000000f4c00000,0x00000000f4c00000,0x00000000f6180000)
 ParOldGen       total 61440K, used 52360K [0x00000000c0000000, 0x00000000c3c00000, 0x00000000eab00000)
  object space 61440K, 85% used [0x00000000c0000000,0x00000000c3322068,0x00000000c3c00000)
 Metaspace       used 56445K, capacity 57996K, committed 58240K, reserved 1099776K
  class space    used 7347K, capacity 7707K, committed 7808K, reserved 1048576K
Event: 54.623 GC heap after
Heap after GC invocations=24 (full 3):
 PSYoungGen      total 134144K, used 3490K [0x00000000eab00000, 0x00000000f6180000, 0x0000000100000000)
  eden space 119296K, 0% used [0x00000000eab00000,0x00000000eab00000,0x00000000f1f80000)
  from space 14848K, 23% used [0x00000000f1f80000,0x00000000f22e8ba8,0x00000000f2e00000)
  to   space 22016K, 0% used [0x00000000f4c00000,0x00000000f4c00000,0x00000000f6180000)
 ParOldGen       total 130048K, used 60483K [0x00000000c0000000, 0x00000000c7f00000, 0x00000000eab00000)
  object space 130048K, 46% used [0x00000000c0000000,0x00000000c3b10d20,0x00000000c7f00000)
 Metaspace       used 56444K, capacity 57990K, committed 58240K, reserved 1099776K
  class space    used 7346K, capacity 7706K, committed 7808K, reserved 1048576K
}
Event: 57.000 GC heap before
{Heap before GC invocations=25 (full 3):
 PSYoungGen      total 134144K, used 122786K [0x00000000eab00000, 0x00000000f6180000, 0x0000000100000000)
  eden space 119296K, 100% used [0x00000000eab00000,0x00000000f1f80000,0x00000000f1f80000)
  from space 14848K, 23% used [0x00000000f1f80000,0x00000000f22e8ba8,0x00000000f2e00000)
  to   space 22016K, 0% used [0x00000000f4c00000,0x00000000f4c00000,0x00000000f6180000)
 ParOldGen       total 130048K, used 60483K [0x00000000c0000000, 0x00000000c7f00000, 0x00000000eab00000)
  object space 130048K, 46% used [0x00000000c0000000,0x00000000c3b10d20,0x00000000c7f00000)
 Metaspace       used 58028K, capacity 59622K, committed 59776K, reserved 1101824K
  class space    used 7434K, capacity 7802K, committed 7808K, reserved 1048576K

