# JRE version: OpenJDK Runtime Environment (8.0_76-b03) (build 1.8.0_76-release-b03)
# Java VM: OpenJDK 64-Bit Server VM (25.76-b03 mixed mode windows-amd64 compressed oops)
Heap:
 PSYoungGen      total 170496K, used 52944K [0x00000000eab00000, 0x00000000ff680000, 0x0000000100000000)
  eden space 117248K, 0% used [0x00000000eab00000,0x00000000eab00000,0x00000000f1d80000)
  from space 53248K, 99% used [0x00000000f1d80000,0x00000000f5134000,0x00000000f5180000)
  to   space 111104K, 0% used [0x00000000f8a00000,0x00000000f8a00000,0x00000000ff680000)
 ParOldGen       total 282624K, used 279865K [0x00000000c0000000, 0x00000000d1400000, 0x00000000eab00000)
  object space 282624K, 99% used [0x00000000c0000000,0x00000000d114e580,0x00000000d1400000)
 Metaspace       used 6321K, capacity 7216K, committed 7296K, reserved 1056768K
  class space    used 582K, capacity 616K, committed 640K, reserved 1048576K
GC Heap History (10 events):
Event: 11.491 GC heap after
Heap after GC invocations=24 (full 3):
 PSYoungGen      total 168960K, used 51763K [0x00000000eab00000, 0x00000000ffc00000, 0x0000000100000000)
  eden space 116736K, 0% used [0x00000000eab00000,0x00000000eab00000,0x00000000f1d00000)
  from space 52224K, 99% used [0x00000000f1d00000,0x00000000f4f8ced0,0x00000000f5000000)
  to   space 114176K, 0% used [0x00000000f8c80000,0x00000000f8c80000,0x00000000ffc00000)
 ParOldGen       total 282624K, used 215417K [0x00000000c0000000, 0x00000000d1400000, 0x00000000eab00000)
  object space 282624K, 76% used [0x00000000c0000000,0x00000000cd25e5f0,0x00000000d1400000)
 Metaspace       used 6287K, capacity 7216K, committed 7296K, reserved 1056768K
  class space    used 582K, capacity 616K, committed 640K, reserved 1048576K
}
Event: 11.571 GC heap before
{Heap before GC invocations=25 (full 3):
 PSYoungGen      total 168960K, used 168499K [0x00000000eab00000, 0x00000000ffc00000, 0x0000000100000000)
  eden space 116736K, 100% used [0x00000000eab00000,0x00000000f1d00000,0x00000000f1d00000)
  from space 52224K, 99% used [0x00000000f1d00000,0x00000000f4f8ced0,0x00000000f5000000)
  to   space 114176K, 0% used [0x00000000f8c80000,0x00000000f8c80000,0x00000000ffc00000)
 ParOldGen       total 282624K, used 215417K [0x00000000c0000000, 0x00000000d1400000, 0x00000000eab00000)
  object space 282624K, 76% used [0x00000000c0000000,0x00000000cd25e5f0,0x00000000d1400000)
 Metaspace       used 6308K, capacity 7216K, committed 7296K, reserved 1056768K
  class space    used 582K, capacity 616K, committed 640K, reserved 1048576K
Event: 11.602 GC heap after
Heap after GC invocations=25 (full 3):
 PSYoungGen      total 232960K, used 64580K [0x00000000eab00000, 0x0000000100000000, 0x0000000100000000)
  eden space 118784K, 0% used [0x00000000eab00000,0x00000000eab00000,0x00000000f1f00000)
  from space 114176K, 56% used [0x00000000f8c80000,0x00000000fcb91050,0x00000000ffc00000)
  to   space 112128K, 0% used [0x00000000f1f00000,0x00000000f1f00000,0x00000000f8c80000)
 ParOldGen       total 282624K, used 215425K [0x00000000c0000000, 0x00000000d1400000, 0x00000000eab00000)
  object space 282624K, 76% used [0x00000000c0000000,0x00000000cd2605f0,0x00000000d1400000)
 Metaspace       used 6308K, capacity 7216K, committed 7296K, reserved 1056768K
  class space    used 582K, capacity 616K, committed 640K, reserved 1048576K
}
Event: 11.663 GC heap before
{Heap before GC invocations=26 (full 3):
 PSYoungGen      total 232960K, used 183364K [0x00000000eab00000, 0x0000000100000000, 0x0000000100000000)
  eden space 118784K, 100% used [0x00000000eab00000,0x00000000f1f00000,0x00000000f1f00000)
  from space 114176K, 56% used [0x00000000f8c80000,0x00000000fcb91050,0x00000000ffc00000)
  to   space 112128K, 0% used [0x00000000f1f00000,0x00000000f1f00000,0x00000000f8c80000)
 ParOldGen       total 282624K, used 215425K [0x00000000c0000000, 0x00000000d1400000, 0x00000000eab00000)
  object space 282624K, 76% used [0x00000000c0000000,0x00000000cd2605f0,0x00000000d1400000)
 Metaspace       used 6312K, capacity 7216K, committed 7296K, reserved 1056768K
  class space    used 582K, capacity 616K, committed 640K, reserved 1048576K
Event: 11.705 GC heap after
Heap after GC invocations=26 (full 3):
 PSYoungGen      total 230912K, used 80531K [0x00000000eab00000, 0x0000000100000000, 0x0000000100000000)
  eden space 118784K, 0% used [0x00000000eab00000,0x00000000eab00000,0x00000000f1f00000)
  from space 112128K, 71% used [0x00000000f1f00000,0x00000000f6da4e10,0x00000000f8c80000)
  to   space 116224K, 0% used [0x00000000f8e80000,0x00000000f8e80000,0x0000000100000000)
 ParOldGen       total 282624K, used 225961K [0x00000000c0000000, 0x00000000d1400000, 0x00000000eab00000)
  object space 282624K, 79% used [0x00000000c0000000,0x00000000cdcaa660,0x00000000d1400000)
 Metaspace       used 6312K, capacity 7216K, committed 7296K, reserved 1056768K
  class space    used 582K, capacity 616K, committed 640K, reserved 1048576K
}
Event: 11.797 GC heap before
{Heap before GC invocations=27 (full 3):
 PSYoungGen      total 230912K, used 199315K [0x00000000eab00000, 0x0000000100000000, 0x0000000100000000)
  eden space 118784K, 100% used [0x00000000eab00000,0x00000000f1f00000,0x00000000f1f00000)
  from space 112128K, 71% used [0x00000000f1f00000,0x00000000f6da4e10,0x00000000f8c80000)
  to   space 116224K, 0% used [0x00000000f8e80000,0x00000000f8e80000,0x0000000100000000)
 ParOldGen       total 282624K, used 225961K [0x00000000c0000000, 0x00000000d1400000, 0x00000000eab00000)
  object space 282624K, 79% used [0x00000000c0000000,0x00000000cdcaa660,0x00000000d1400000)
 Metaspace       used 6315K, capacity 7216K, committed 7296K, reserved 1056768K
  class space    used 582K, capacity 616K, committed 640K, reserved 1048576K
Event: 11.844 GC heap after
Heap after GC invocations=27 (full 3):
 PSYoungGen      total 233472K, used 72629K [0x00000000eab00000, 0x0000000100000000, 0x0000000100000000)
  eden space 117248K, 0% used [0x00000000eab00000,0x00000000eab00000,0x00000000f1d80000)
  from space 116224K, 62% used [0x00000000f8e80000,0x00000000fd56d5b8,0x0000000100000000)
  to   space 115712K, 0% used [0x00000000f1d80000,0x00000000f1d80000,0x00000000f8e80000)
 ParOldGen       total 282624K, used 240844K [0x00000000c0000000, 0x00000000d1400000, 0x00000000eab00000)
  object space 282624K, 85% used [0x00000000c0000000,0x00000000ceb33260,0x00000000d1400000)
 Metaspace       used 6315K, capacity 7216K, committed 7296K, reserved 1056768K
  class space    used 582K, capacity 616K, committed 640K, reserved 1048576K
}
Event: 11.945 GC heap before
{Heap before GC invocations=28 (full 3):
 PSYoungGen      total 233472K, used 189877K [0x00000000eab00000, 0x0000000100000000, 0x0000000100000000)
  eden space 117248K, 100% used [0x00000000eab00000,0x00000000f1d80000,0x00000000f1d80000)
  from space 116224K, 62% used [0x00000000f8e80000,0x00000000fd56d5b8,0x0000000100000000)
  to   space 115712K, 0% used [0x00000000f1d80000,0x00000000f1d80000,0x00000000f8e80000)
 ParOldGen       total 282624K, used 240844K [0x00000000c0000000, 0x00000000d1400000, 0x00000000eab00000)
  object space 282624K, 85% used [0x00000000c0000000,0x00000000ceb33260,0x00000000d1400000)
 Metaspace       used 6321K, capacity 7216K, committed 7296K, reserved 1056768K
  class space    used 582K, capacity 616K, committed 640K, reserved 1048576K
Event: 11.995 GC heap after
Heap after GC invocations=28 (full 3):
 PSYoungGen      total 170496K, used 52944K [0x00000000eab00000, 0x00000000ff680000, 0x0000000100000000)
  eden space 117248K, 0% used [0x00000000eab00000,0x00000000eab00000,0x00000000f1d80000)
  from space 53248K, 99% used [0x00000000f1d80000,0x00000000f5134000,0x00000000f5180000)
  to   space 111104K, 0% used [0x00000000f8a00000,0x00000000f8a00000,0x00000000ff680000)
 ParOldGen       total 282624K, used 279865K [0x00000000c0000000, 0x00000000d1400000, 0x00000000eab00000)
  object space 282624K, 99% used [0x00000000c0000000,0x00000000d114e580,0x00000000d1400000)
 Metaspace       used 6321K, capacity 7216K, committed 7296K, reserved 1056768K
  class space    used 582K, capacity 616K, committed 640K, reserved 1048576K
}
Event: 11.995 GC heap before
{Heap before GC invocations=29 (full 4):
 PSYoungGen      total 170496K, used 52944K [0x00000000eab00000, 0x00000000ff680000, 0x0000000100000000)
  eden space 117248K, 0% used [0x00000000eab00000,0x00000000eab00000,0x00000000f1d80000)
  from space 53248K, 99% used [0x00000000f1d80000,0x00000000f5134000,0x00000000f5180000)
  to   space 111104K, 0% used [0x00000000f8a00000,0x00000000f8a00000,0x00000000ff680000)
 ParOldGen       total 282624K, used 279865K [0x00000000c0000000, 0x00000000d1400000, 0x00000000eab00000)
  object space 282624K, 99% used [0x00000000c0000000,0x00000000d114e580,0x00000000d1400000)
 Metaspace       used 6321K, capacity 7216K, committed 7296K, reserved 1056768K
  class space    used 582K, capacity 616K, committed 640K, reserved 1048576K

