# JRE version: OpenJDK Runtime Environment (8.0_76-b03) (build 1.8.0_76-release-b03)
# Java VM: OpenJDK 64-Bit Server VM (25.76-b03 mixed mode windows-amd64 compressed oops)
Heap:
 PSYoungGen      total 232960K, used 161728K [0x00000000eab00000, 0x0000000100000000, 0x0000000100000000)
  eden space 116736K, 100% used [0x00000000eab00000,0x00000000f1d00000,0x00000000f1d00000)
  from space 116224K, 38% used [0x00000000f8e80000,0x00000000fba70240,0x0000000100000000)
  to   space 116224K, 18% used [0x00000000f1d00000,0x00000000f31c2b58,0x00000000f8e80000)
 ParOldGen       total 699392K, used 145048K [0x00000000c0000000, 0x00000000eab00000, 0x00000000eab00000)
  object space 699392K, 20% used [0x00000000c0000000,0x00000000c8da6118,0x00000000eab00000)
 Metaspace       used 6232K, capacity 7152K, committed 7296K, reserved 1056768K
  class space    used 581K, capacity 616K, committed 640K, reserved 1048576K
GC Heap History (10 events):
Event: 2.850 GC heap after
Heap after GC invocations=11 (full 2):
 PSYoungGen      total 248832K, used 96742K [0x00000000eab00000, 0x0000000100000000, 0x0000000100000000)
  eden space 152064K, 0% used [0x00000000eab00000,0x00000000eab00000,0x00000000f3f80000)
  from space 96768K, 99% used [0x00000000f3f80000,0x00000000f9df9b18,0x00000000f9e00000)
  to   space 100352K, 0% used [0x00000000f9e00000,0x00000000f9e00000,0x0000000100000000)
 ParOldGen       total 166400K, used 97055K [0x00000000c0000000, 0x00000000ca280000, 0x00000000eab00000)
  object space 166400K, 58% used [0x00000000c0000000,0x00000000c5ec7d98,0x00000000ca280000)
 Metaspace       used 6113K, capacity 7088K, committed 7296K, reserved 1056768K
  class space    used 581K, capacity 616K, committed 640K, reserved 1048576K
}
Event: 3.185 GC heap before
{Heap before GC invocations=12 (full 2):
 PSYoungGen      total 248832K, used 248806K [0x00000000eab00000, 0x0000000100000000, 0x0000000100000000)
  eden space 152064K, 100% used [0x00000000eab00000,0x00000000f3f80000,0x00000000f3f80000)
  from space 96768K, 99% used [0x00000000f3f80000,0x00000000f9df9b18,0x00000000f9e00000)
  to   space 100352K, 0% used [0x00000000f9e00000,0x00000000f9e00000,0x0000000100000000)
 ParOldGen       total 166400K, used 97055K [0x00000000c0000000, 0x00000000ca280000, 0x00000000eab00000)
  object space 166400K, 58% used [0x00000000c0000000,0x00000000c5ec7d98,0x00000000ca280000)
 Metaspace       used 6164K, capacity 7152K, committed 7296K, reserved 1056768K
  class space    used 581K, capacity 616K, committed 640K, reserved 1048576K
Event: 3.283 GC heap after
Heap after GC invocations=12 (full 2):
 PSYoungGen      total 217088K, used 100331K [0x00000000eab00000, 0x0000000100000000, 0x0000000100000000)
  eden space 116736K, 0% used [0x00000000eab00000,0x00000000eab00000,0x00000000f1d00000)
  from space 100352K, 99% used [0x00000000f9e00000,0x00000000ffffac48,0x0000000100000000)
  to   space 116224K, 0% used [0x00000000f1d00000,0x00000000f1d00000,0x00000000f8e80000)
 ParOldGen       total 166400K, used 145106K [0x00000000c0000000, 0x00000000ca280000, 0x00000000eab00000)
  object space 166400K, 87% used [0x00000000c0000000,0x00000000c8db4a90,0x00000000ca280000)
 Metaspace       used 6164K, capacity 7152K, committed 7296K, reserved 1056768K
  class space    used 581K, capacity 616K, committed 640K, reserved 1048576K
}
Event: 3.283 GC heap before
{Heap before GC invocations=13 (full 3):
 PSYoungGen      total 217088K, used 100331K [0x00000000eab00000, 0x0000000100000000, 0x0000000100000000)
  eden space 116736K, 0% used [0x00000000eab00000,0x00000000eab00000,0x00000000f1d00000)
  from space 100352K, 99% used [0x00000000f9e00000,0x00000000ffffac48,0x0000000100000000)
  to   space 116224K, 0% used [0x00000000f1d00000,0x00000000f1d00000,0x00000000f8e80000)
 ParOldGen       total 166400K, used 145106K [0x00000000c0000000, 0x00000000ca280000, 0x00000000eab00000)
  object space 166400K, 87% used [0x00000000c0000000,0x00000000c8db4a90,0x00000000ca280000)
 Metaspace       used 6164K, capacity 7152K, committed 7296K, reserved 1056768K
  class space    used 581K, capacity 616K, committed 640K, reserved 1048576K
Event: 3.575 GC heap after
Heap after GC invocations=13 (full 3):
 PSYoungGen      total 217088K, used 0K [0x00000000eab00000, 0x0000000100000000, 0x0000000100000000)
  eden space 116736K, 0% used [0x00000000eab00000,0x00000000eab00000,0x00000000f1d00000)
  from space 100352K, 0% used [0x00000000f9e00000,0x00000000f9e00000,0x0000000100000000)
  to   space 116224K, 0% used [0x00000000f1d00000,0x00000000f1d00000,0x00000000f8e80000)
 ParOldGen       total 278016K, used 113425K [0x00000000c0000000, 0x00000000d0f80000, 0x00000000eab00000)
  object space 278016K, 40% used [0x00000000c0000000,0x00000000c6ec44b0,0x00000000d0f80000)
 Metaspace       used 6164K, capacity 7152K, committed 7296K, reserved 1056768K
  class space    used 581K, capacity 616K, committed 640K, reserved 1048576K
}
Event: 3.809 GC heap before
{Heap before GC invocations=14 (full 3):
 PSYoungGen      total 217088K, used 116736K [0x00000000eab00000, 0x0000000100000000, 0x0000000100000000)
  eden space 116736K, 100% used [0x00000000eab00000,0x00000000f1d00000,0x00000000f1d00000)
  from space 100352K, 0% used [0x00000000f9e00000,0x00000000f9e00000,0x0000000100000000)
  to   space 116224K, 0% used [0x00000000f1d00000,0x00000000f1d00000,0x00000000f8e80000)
 ParOldGen       total 278016K, used 113425K [0x00000000c0000000, 0x00000000d0f80000, 0x00000000eab00000)
  object space 278016K, 40% used [0x00000000c0000000,0x00000000c6ec44b0,0x00000000d0f80000)
 Metaspace       used 6188K, capacity 7152K, committed 7296K, reserved 1056768K
  class space    used 581K, capacity 616K, committed 640K, reserved 1048576K
Event: 3.832 GC heap after
Heap after GC invocations=14 (full 3):
 PSYoungGen      total 232960K, used 38480K [0x00000000eab00000, 0x0000000100000000, 0x0000000100000000)
  eden space 116736K, 0% used [0x00000000eab00000,0x00000000eab00000,0x00000000f1d00000)
  from space 116224K, 33% used [0x00000000f1d00000,0x00000000f4294000,0x00000000f8e80000)
  to   space 116224K, 0% used [0x00000000f8e80000,0x00000000f8e80000,0x0000000100000000)
 ParOldGen       total 278016K, used 113433K [0x00000000c0000000, 0x00000000d0f80000, 0x00000000eab00000)
  object space 278016K, 40% used [0x00000000c0000000,0x00000000c6ec64b0,0x00000000d0f80000)
 Metaspace       used 6188K, capacity 7152K, committed 7296K, reserved 1056768K
  class space    used 581K, capacity 616K, committed 640K, reserved 1048576K
}
Event: 4.028 GC heap before
{Heap before GC invocations=15 (full 3):
 PSYoungGen      total 232960K, used 155216K [0x00000000eab00000, 0x0000000100000000, 0x0000000100000000)
  eden space 116736K, 100% used [0x00000000eab00000,0x00000000f1d00000,0x00000000f1d00000)
  from space 116224K, 33% used [0x00000000f1d00000,0x00000000f4294000,0x00000000f8e80000)
  to   space 116224K, 0% used [0x00000000f8e80000,0x00000000f8e80000,0x0000000100000000)
 ParOldGen       total 278016K, used 113433K [0x00000000c0000000, 0x00000000d0f80000, 0x00000000eab00000)
  object space 278016K, 40% used [0x00000000c0000000,0x00000000c6ec64b0,0x00000000d0f80000)
 Metaspace       used 6194K, capacity 7152K, committed 7296K, reserved 1056768K
  class space    used 581K, capacity 616K, committed 640K, reserved 1048576K
Event: 4.060 GC heap after
Heap after GC invocations=15 (full 3):
 PSYoungGen      total 232960K, used 44992K [0x00000000eab00000, 0x0000000100000000, 0x0000000100000000)
  eden space 116736K, 0% used [0x00000000eab00000,0x00000000eab00000,0x00000000f1d00000)
  from space 116224K, 38% used [0x00000000f8e80000,0x00000000fba70240,0x0000000100000000)
  to   space 116224K, 0% used [0x00000000f1d00000,0x00000000f1d00000,0x00000000f8e80000)
 ParOldGen       total 278016K, used 113441K [0x00000000c0000000, 0x00000000d0f80000, 0x00000000eab00000)
  object space 278016K, 40% used [0x00000000c0000000,0x00000000c6ec84b0,0x00000000d0f80000)
 Metaspace       used 6194K, capacity 7152K, committed 7296K, reserved 1056768K
  class space    used 581K, capacity 616K, committed 640K, reserved 1048576K
}
Event: 4.279 GC heap before
{Heap before GC invocations=16 (full 3):
 PSYoungGen      total 232960K, used 161728K [0x00000000eab00000, 0x0000000100000000, 0x0000000100000000)
  eden space 116736K, 100% used [0x00000000eab00000,0x00000000f1d00000,0x00000000f1d00000)
  from space 116224K, 38% used [0x00000000f8e80000,0x00000000fba70240,0x0000000100000000)
  to   space 116224K, 0% used [0x00000000f1d00000,0x00000000f1d00000,0x00000000f8e80000)
 ParOldGen       total 278016K, used 113441K [0x00000000c0000000, 0x00000000d0f80000, 0x00000000eab00000)
  object space 278016K, 40% used [0x00000000c0000000,0x00000000c6ec84b0,0x00000000d0f80000)
 Metaspace       used 6232K, capacity 7152K, committed 7296K, reserved 1056768K
  class space    used 581K, capacity 616K, committed 640K, reserved 1048576K

